<?xml version="1.0" encoding="UTF-8"?>
<!-- Generated by org.testng.reporters.JUnitReportReporter -->
<testsuite hostname="DESKTOP-CPG5TUI" failures="0" tests="1" name="com.providio.payments.tc__PaypalCheckout_MiniCart_GuestUser" time="103.180" errors="0" timestamp="2023-08-24T13:42:46 IST" skipped="0">
  <testcase classname="com.providio.payments.tc__PaypalCheckout_MiniCart_GuestUser" name="paypalCheckout_MiniCart" time="103.180"/>
  <system-out/>
</testsuite> <!-- com.providio.payments.tc__PaypalCheckout_MiniCart_GuestUser -->
