<?xml version="1.0" encoding="UTF-8"?>
<!-- Generated by org.testng.reporters.JUnitReportReporter -->
<testsuite hostname="DESKTOP-CPG5TUI" failures="0" tests="1" name="com.GuestUserWith_Checkout_Paypal.tc__Bundle_GcAndAllPromotions_Guest_InCheckoutPaypal" time="107.233" errors="0" timestamp="2023-09-12T15:18:58 IST" skipped="0">
  <testcase classname="com.GuestUserWith_Checkout_Paypal.tc__Bundle_GcAndAllPromotions_Guest_InCheckoutPaypal" name="bundle_GcAndAllPromotions" time="107.233"/>
  <system-out/>
</testsuite> <!-- com.GuestUserWith_Checkout_Paypal.tc__Bundle_GcAndAllPromotions_Guest_InCheckoutPaypal -->
