<?xml version="1.0" encoding="UTF-8"?>
<!-- Generated by org.testng.reporters.JUnitReportReporter -->
<testsuite hostname="DESKTOP-CPG5TUI" failures="0" tests="1" name="com.providio.testcases.tc__CustomerSupport" time="34.806" errors="0" timestamp="2023-09-01T13:00:46 IST" skipped="0">
  <testcase classname="com.providio.testcases.tc__CustomerSupport" name="customerSuppor" time="34.806"/>
  <system-out/>
</testsuite> <!-- com.providio.testcases.tc__CustomerSupport -->
