<?xml version="1.0" encoding="UTF-8"?>
<!-- Generated by org.testng.reporters.JUnitReportReporter -->
<testsuite hostname="DESKTOP-P9MM3AH" failures="0" tests="1" name="com.providio.testcases.tc__Login" time="30.516" errors="0" timestamp="2023-07-19T18:14:51 IST" skipped="0">
  <testcase classname="com.providio.testcases.tc__Login" name="loginTest" time="30.516"/>
  <system-out/>
</testsuite> <!-- com.providio.testcases.tc__Login -->
