<?xml version="1.0" encoding="UTF-8"?>
<!-- Generated by org.testng.reporters.JUnitReportReporter -->
<testsuite hostname="DESKTOP-CPG5TUI" failures="0" tests="8" name="com.providio.testcases.tc__LoginSc" time="163.809" errors="0" timestamp="2023-08-14T10:20:06 IST" skipped="0">
  <testcase classname="com.providio.testcases.tc__LoginSc" name="verifyLoginFailureWithInvalidEmailFormat" time="21.445"/>
  <system-out/>
  <testcase classname="com.providio.testcases.tc__LoginSc" name="verifyLoginFailureWithIncorrectCredentials" time="21.476"/>
  <system-out/>
  <testcase classname="com.providio.testcases.tc__LoginSc" name="verifyLoginFailureWithEmptyEmail" time="26.482"/>
  <system-out/>
  <testcase classname="com.providio.testcases.tc__LoginSc" name="verifyLoginFailureWithEmptyPassword" time="21.400"/>
  <system-out/>
  <testcase classname="com.providio.testcases.tc__LoginSc" name="verifyLoginFailureWithIncorrectPassword" time="19.948"/>
  <system-out/>
  <testcase classname="com.providio.testcases.tc__LoginSc" name="verifyLoginFailureWithEmptyEmailAndPassword" time="24.379"/>
  <system-out/>
  <testcase classname="com.providio.testcases.tc__LoginSc" name="openBrowserandClickSignInButton" time="7.140"/>
  <system-out/>
  <testcase classname="com.providio.testcases.tc__LoginSc" name="verifySuccessfulLogin" time="21.539"/>
  <system-out/>
</testsuite> <!-- com.providio.testcases.tc__LoginSc -->
