<?xml version="1.0" encoding="UTF-8"?>
<!-- Generated by org.testng.reporters.JUnitReportReporter -->
<testsuite hostname="DESKTOP-CPG5TUI" failures="0" tests="1" name="com.providio.testcases.tc__By_BuyNow_Button" time="34.117" errors="0" timestamp="2023-09-04T15:46:15 IST" skipped="0">
  <testcase classname="com.providio.testcases.tc__By_BuyNow_Button" name="byNowButton" time="34.117"/>
  <system-out/>
</testsuite> <!-- com.providio.testcases.tc__By_BuyNow_Button -->
