<?xml version="1.0" encoding="UTF-8"?>
<!-- Generated by org.testng.reporters.JUnitReportReporter -->
<testsuite hostname="DESKTOP-CPG5TUI" failures="0" tests="1" name="com.GuestUserWith_Checkout_Paypal.tc__ShippingAndBillingAddressDiffer" time="127.558" errors="0" timestamp="2023-09-08T14:29:42 IST" skipped="0">
  <testcase classname="com.GuestUserWith_Checkout_Paypal.tc__ShippingAndBillingAddressDiffer" name="shippingAndBillingAddressDiffer_Guest" time="127.558"/>
  <system-out/>
</testsuite> <!-- com.GuestUserWith_Checkout_Paypal.tc__ShippingAndBillingAddressDiffer -->
