<?xml version="1.0" encoding="UTF-8"?>
<!-- Generated by org.testng.reporters.JUnitReportReporter -->
<testsuite hostname="DESKTOP-CPG5TUI" failures="0" tests="1" name="com.providio.testcases.tc__BySearchingProduct" time="120.522" errors="0" timestamp="2023-09-04T15:46:15 IST" skipped="0">
  <testcase classname="com.providio.testcases.tc__BySearchingProduct" name="bySearchingProduct" time="120.522"/>
  <system-out/>
</testsuite> <!-- com.providio.testcases.tc__BySearchingProduct -->
