<?xml version="1.0" encoding="UTF-8"?>
<!-- Generated by org.testng.reporters.JUnitReportReporter -->
<testsuite hostname="DESKTOP-CPG5TUI" failures="0" tests="1" name="com.GuestUserWith_GcAndCC.tc__SimpleProducts_Bundle_Gc_InCcAndGc" time="158.101" errors="0" timestamp="2023-09-11T17:08:38 IST" skipped="0">
  <testcase classname="com.GuestUserWith_GcAndCC.tc__SimpleProducts_Bundle_Gc_InCcAndGc" name="simpleProducts_Bundle_Gc" time="158.101"/>
  <system-out/>
</testsuite> <!-- com.GuestUserWith_GcAndCC.tc__SimpleProducts_Bundle_Gc_InCcAndGc -->
