<?xml version="1.0" encoding="UTF-8"?>
<!-- Generated by org.testng.reporters.JUnitReportReporter -->
<testsuite hostname="DESKTOP-CPG5TUI" failures="0" tests="1" name="com.providio.testcases.tc__VariationProductForGuestUser" time="123.199" errors="0" timestamp="2023-09-04T14:14:32 IST" skipped="0">
  <testcase classname="com.providio.testcases.tc__VariationProductForGuestUser" name="variationProduct" time="123.199"/>
  <system-out/>
</testsuite> <!-- com.providio.testcases.tc__VariationProductForGuestUser -->
