<?xml version="1.0" encoding="UTF-8"?>
<!-- Generated by org.testng.reporters.JUnitReportReporter -->
<testsuite hostname="DESKTOP-CPG5TUI" failures="0" tests="1" name="com.GuestUserWith_CreditCard.tc__Bundle_GcAndAllPromotions_Guest_InCC" time="188.369" errors="0" timestamp="2023-09-11T17:08:38 IST" skipped="0">
  <testcase classname="com.GuestUserWith_CreditCard.tc__Bundle_GcAndAllPromotions_Guest_InCC" name="bundle_GcAndAllPromotions" time="188.369"/>
  <system-out/>
</testsuite> <!-- com.GuestUserWith_CreditCard.tc__Bundle_GcAndAllPromotions_Guest_InCC -->
