<?xml version="1.0" encoding="UTF-8"?>
<!-- Generated by org.testng.reporters.JUnitReportReporter -->
<testsuite hostname="DESKTOP-CPG5TUI" failures="0" tests="1" name="com.providio.testcases.practise" time="24.883" errors="0" timestamp="2023-08-01T09:50:40 IST" skipped="0">
  <testcase classname="com.providio.testcases.practise" name="practice" time="24.883"/>
  <system-out/>
</testsuite> <!-- com.providio.testcases.practise -->
