<?xml version="1.0" encoding="UTF-8"?>
<!-- Generated by org.testng.reporters.JUnitReportReporter -->
<testsuite hostname="DESKTOP-CPG5TUI" failures="0" tests="1" name="com.providio.payments.tc__PaypalFromPDPpage_RegUser" time="66.633" errors="0" timestamp="2023-08-21T17:48:40 IST" skipped="0">
  <testcase classname="com.providio.payments.tc__PaypalFromPDPpage_RegUser" name="paypalFromPDPpage" time="66.633"/>
  <system-out/>
</testsuite> <!-- com.providio.payments.tc__PaypalFromPDPpage_RegUser -->
