<?xml version="1.0" encoding="UTF-8"?>
<!-- Generated by org.testng.reporters.JUnitReportReporter -->
<testsuite hostname="DESKTOP-CPG5TUI" failures="0" tests="1" name="com.providio.testcases.tc__NavigationEachMenuOneItemGuestUser" time="146.219" errors="0" timestamp="2023-08-14T10:20:06 IST" skipped="0">
  <testcase classname="com.providio.testcases.tc__NavigationEachMenuOneItemGuestUser" name="Navigation" time="146.219"/>
  <system-out/>
</testsuite> <!-- com.providio.testcases.tc__NavigationEachMenuOneItemGuestUser -->
