<?xml version="1.0" encoding="UTF-8"?>
<!-- Generated by org.testng.reporters.JUnitReportReporter -->
<testsuite hostname="DESKTOP-CPG5TUI" failures="0" tests="1" name="com.providio.payments.tc__PaypalFromCheckoutPage_GuestUser" time="234.688" errors="0" timestamp="2023-08-28T20:31:03 IST" skipped="0">
  <testcase classname="com.providio.payments.tc__PaypalFromCheckoutPage_GuestUser" name="paypalFromCheckoutPage" time="234.688"/>
  <system-out/>
</testsuite> <!-- com.providio.payments.tc__PaypalFromCheckoutPage_GuestUser -->
