<?xml version="1.0" encoding="UTF-8"?>
<!-- Generated by org.testng.reporters.JUnitReportReporter -->
<testsuite hostname="DESKTOP-CPG5TUI" failures="0" tests="1" name="com.RegUserWith_GcAndCC.tc__simpleProductAndGc_Reg_InGcAndCC" time="75.340" errors="0" timestamp="2023-09-12T16:34:16 IST" skipped="0">
  <testcase classname="com.RegUserWith_GcAndCC.tc__simpleProductAndGc_Reg_InGcAndCC" name="simpleProduct_Gc" time="75.340"/>
  <system-out/>
</testsuite> <!-- com.RegUserWith_GcAndCC.tc__simpleProductAndGc_Reg_InGcAndCC -->
