<?xml version="1.0" encoding="UTF-8"?>
<!-- Generated by org.testng.reporters.JUnitReportReporter -->
<testsuite hostname="DESKTOP-CPG5TUI" failures="0" tests="1" name="com.RegUserWith_MiniCart_Paypal.tc__OnlyGiftCards_Reg_InMC_Paypal" time="28.961" errors="0" timestamp="2023-09-12T16:34:17 IST" skipped="0">
  <testcase classname="com.RegUserWith_MiniCart_Paypal.tc__OnlyGiftCards_Reg_InMC_Paypal" name="OnlyGiftCards" time="28.961"/>
  <system-out/>
</testsuite> <!-- com.RegUserWith_MiniCart_Paypal.tc__OnlyGiftCards_Reg_InMC_Paypal -->
