<?xml version="1.0" encoding="UTF-8"?>
<!-- Generated by org.testng.reporters.JUnitReportReporter -->
<testsuite hostname="DESKTOP-CPG5TUI" failures="0" tests="1" name="com.providio.payments.tc__PaypalFromPDPpage_GuestUser" time="26.041" errors="0" timestamp="2023-09-01T14:52:00 IST" skipped="0">
  <testcase classname="com.providio.payments.tc__PaypalFromPDPpage_GuestUser" name="paypalFromPDPpage" time="26.041"/>
  <system-out/>
</testsuite> <!-- com.providio.payments.tc__PaypalFromPDPpage_GuestUser -->
