<?xml version="1.0" encoding="UTF-8"?>
<!-- Generated by org.testng.reporters.JUnitReportReporter -->
<testsuite hostname="DESKTOP-CPG5TUI" failures="0" tests="1" name="com.RegUserWith_CreditCard.tc__OnlyGiftCards_Reg_InCC" time="88.236" errors="0" timestamp="2023-09-11T19:47:12 IST" skipped="0">
  <testcase classname="com.RegUserWith_CreditCard.tc__OnlyGiftCards_Reg_InCC" name="OnlyGiftCards" time="88.236"/>
  <system-out/>
</testsuite> <!-- com.RegUserWith_CreditCard.tc__OnlyGiftCards_Reg_InCC -->
