<?xml version="1.0" encoding="UTF-8"?>
<!-- Generated by org.testng.reporters.JUnitReportReporter -->
<testsuite hostname="DESKTOP-CPG5TUI" failures="0" tests="1" name="com.providio.payments.tc__PaymentProccessByGCandCC_GuestUser" time="114.824" errors="0" timestamp="2023-09-01T13:00:46 IST" skipped="0">
  <testcase classname="com.providio.payments.tc__PaymentProccessByGCandCC_GuestUser" name="paypalFromCheckoutPage" time="114.824"/>
  <system-out/>
</testsuite> <!-- com.providio.payments.tc__PaymentProccessByGCandCC_GuestUser -->
