<?xml version="1.0" encoding="UTF-8"?>
<!-- Generated by org.testng.reporters.JUnitReportReporter -->
<testsuite hostname="DESKTOP-CPG5TUI" failures="0" tests="1" name="com.providio.payments.tc__PaypalFromViewCartPage_RegUser" time="94.497" errors="0" timestamp="2023-08-30T16:03:45 IST" skipped="0">
  <testcase classname="com.providio.payments.tc__PaypalFromViewCartPage_RegUser" name="paypalFromViewCartPage" time="94.497"/>
  <system-out/>
</testsuite> <!-- com.providio.payments.tc__PaypalFromViewCartPage_RegUser -->
