<?xml version="1.0" encoding="UTF-8"?>
<!-- Generated by org.testng.reporters.JUnitReportReporter -->
<testsuite hostname="DESKTOP-CPG5TUI" failures="0" tests="1" name="com.GuestUserWith_Checkout_Paypal.tc__Bundle_GcAndAllPromotions_Guest_InCheckoutPaypal" time="160.139" errors="0" timestamp="2023-09-11T17:08:38 IST" skipped="0">
  <testcase classname="com.GuestUserWith_Checkout_Paypal.tc__Bundle_GcAndAllPromotions_Guest_InCheckoutPaypal" name="bundle_GcAndAllPromotions" time="160.139"/>
  <system-out/>
</testsuite> <!-- com.GuestUserWith_Checkout_Paypal.tc__Bundle_GcAndAllPromotions_Guest_InCheckoutPaypal -->
