<?xml version="1.0" encoding="UTF-8"?>
<!-- Generated by org.testng.reporters.JUnitReportReporter -->
<testsuite hostname="DESKTOP-CPG5TUI" failures="0" tests="1" name="com.RegUserWith_Checkout_Paypal.tc__BundleProductForRegUser_InCheckoutPaypal" time="89.002" errors="0" timestamp="2023-09-12T17:13:40 IST" skipped="0">
  <testcase classname="com.RegUserWith_Checkout_Paypal.tc__BundleProductForRegUser_InCheckoutPaypal" name="bundleProduct" time="89.002"/>
  <system-out/>
</testsuite> <!-- com.RegUserWith_Checkout_Paypal.tc__BundleProductForRegUser_InCheckoutPaypal -->
