<?xml version="1.0" encoding="UTF-8"?>
<!-- Generated by org.testng.reporters.JUnitReportReporter -->
<testsuite hostname="DESKTOP-CPG5TUI" failures="0" tests="1" name="com.providio.testcases.tc__PdpPagewithGuestuser" time="185.067" errors="0" timestamp="2023-09-01T19:35:00 IST" skipped="0">
  <testcase classname="com.providio.testcases.tc__PdpPagewithGuestuser" name="PDPpage" time="185.067"/>
  <system-out/>
</testsuite> <!-- com.providio.testcases.tc__PdpPagewithGuestuser -->
