<?xml version="1.0" encoding="UTF-8"?>
<!-- Generated by org.testng.reporters.JUnitReportReporter -->
<testsuite hostname="DESKTOP-CPG5TUI" failures="0" tests="1" name="com.providio.payments.tc__PaypalCheckout_MiniCart_RegUser" time="107.206" errors="0" timestamp="2023-09-04T15:46:15 IST" skipped="0">
  <testcase classname="com.providio.payments.tc__PaypalCheckout_MiniCart_RegUser" name="paypalCheckout_MiniCart" time="107.206"/>
  <system-out/>
</testsuite> <!-- com.providio.payments.tc__PaypalCheckout_MiniCart_RegUser -->
