<?xml version="1.0" encoding="UTF-8"?>
<!-- Generated by org.testng.reporters.JUnitReportReporter -->
<testsuite hostname="DESKTOP-CPG5TUI" failures="0" tests="1" name="com.GuestUserWith_ViewCart_Paypal.tc__PaypalFromViewCartPage_GuestUser" time="94.154" errors="0" timestamp="2023-09-11T17:08:38 IST" skipped="0">
  <testcase classname="com.GuestUserWith_ViewCart_Paypal.tc__PaypalFromViewCartPage_GuestUser" name="paypalFromViewCartPage" time="94.154"/>
  <system-out/>
</testsuite> <!-- com.GuestUserWith_ViewCart_Paypal.tc__PaypalFromViewCartPage_GuestUser -->
