<?xml version="1.0" encoding="UTF-8"?>
<!-- Generated by org.testng.reporters.JUnitReportReporter -->
<testsuite hostname="DESKTOP-CPG5TUI" failures="0" tests="1" name="com.providio.payments.tc__PaypalCheckout_MiniCart_RegUser" time="113.642" errors="0" timestamp="2023-08-22T18:14:59 IST" skipped="0">
  <testcase classname="com.providio.payments.tc__PaypalCheckout_MiniCart_RegUser" name="paypalCheckout_MiniCart" time="113.642"/>
  <system-out/>
</testsuite> <!-- com.providio.payments.tc__PaypalCheckout_MiniCart_RegUser -->
