<?xml version="1.0" encoding="UTF-8"?>
<!-- Generated by org.testng.reporters.JUnitReportReporter -->
<testsuite hostname="DESKTOP-CPG5TUI" failures="0" tests="1" name="com.RegUserWith_GcAndCC.tc__OrderByGCandCC_RegUser" time="85.921" errors="0" timestamp="2023-09-12T16:34:16 IST" skipped="0">
  <testcase classname="com.RegUserWith_GcAndCC.tc__OrderByGCandCC_RegUser" name="paypalFromCheckoutPage" time="85.921"/>
  <system-out/>
</testsuite> <!-- com.RegUserWith_GcAndCC.tc__OrderByGCandCC_RegUser -->
