<?xml version="1.0" encoding="UTF-8"?>
<!-- Generated by org.testng.reporters.JUnitReportReporter -->
<testsuite hostname="DESKTOP-CPG5TUI" failures="0" tests="1" name="com.providio.Validations.CheckoutPage1_Validation" time="407.588" errors="0" timestamp="2023-08-24T13:42:46 IST" skipped="0">
  <testcase classname="com.providio.Validations.CheckoutPage1_Validation" name="checkoutPage1Validation" time="407.588"/>
  <system-out/>
</testsuite> <!-- com.providio.Validations.CheckoutPage1_Validation -->
