<?xml version="1.0" encoding="UTF-8"?>
<!-- Generated by org.testng.reporters.JUnitReportReporter -->
<testsuite hostname="DESKTOP-CPG5TUI" failures="0" tests="1" name="com.RegUserWith_Checkout_Paypal.tc__PaypalFromCheckoutPage_RegUser" time="89.347" errors="0" timestamp="2023-09-11T19:47:12 IST" skipped="0">
  <testcase classname="com.RegUserWith_Checkout_Paypal.tc__PaypalFromCheckoutPage_RegUser" name="paypalFromCheckoutPage" time="89.347"/>
  <system-out/>
</testsuite> <!-- com.RegUserWith_Checkout_Paypal.tc__PaypalFromCheckoutPage_RegUser -->
