<?xml version="1.0" encoding="UTF-8"?>
<!-- Generated by org.testng.reporters.JUnitReportReporter -->
<testsuite hostname="DESKTOP-CPG5TUI" failures="0" tests="1" name="com.GuestUserWith_GcAndCC.tc__PickUpStore_Guest_InGcAndCC" time="96.613" errors="0" timestamp="2023-09-08T14:29:42 IST" skipped="0">
  <testcase classname="com.GuestUserWith_GcAndCC.tc__PickUpStore_Guest_InGcAndCC" name="paypalFromCheckoutPage" time="96.613"/>
  <system-out/>
</testsuite> <!-- com.GuestUserWith_GcAndCC.tc__PickUpStore_Guest_InGcAndCC -->
