<?xml version="1.0" encoding="UTF-8"?>
<!-- Generated by org.testng.reporters.JUnitReportReporter -->
<testsuite hostname="DESKTOP-CPG5TUI" failures="0" tests="1" name="com.GuestUserWith_GiftCard.tc__SimpleProductForGuestUser_InGiftCard" time="226.108" errors="0" timestamp="2023-09-07T20:52:52 IST" skipped="0">
  <testcase classname="com.GuestUserWith_GiftCard.tc__SimpleProductForGuestUser_InGiftCard" name="simpleProduct" time="226.108"/>
  <system-out/>
</testsuite> <!-- com.GuestUserWith_GiftCard.tc__SimpleProductForGuestUser_InGiftCard -->
