<?xml version="1.0" encoding="UTF-8"?>
<!-- Generated by org.testng.reporters.JUnitReportReporter -->
<testsuite hostname="DESKTOP-CPG5TUI" failures="0" tests="1" name="com.GuestUserWith_Checkout_Paypal.tc__PickUpStore_Guest_Checkout_Paypal" time="156.723" errors="0" timestamp="2023-09-08T15:56:14 IST" skipped="0">
  <testcase classname="com.GuestUserWith_Checkout_Paypal.tc__PickUpStore_Guest_Checkout_Paypal" name="paypalFromCheckoutPage" time="156.723"/>
  <system-out/>
</testsuite> <!-- com.GuestUserWith_Checkout_Paypal.tc__PickUpStore_Guest_Checkout_Paypal -->
