<?xml version="1.0" encoding="UTF-8"?>
<!-- Generated by org.testng.reporters.JUnitReportReporter -->
<testsuite hostname="DESKTOP-CPG5TUI" failures="0" tests="8" name="com.providio.testcases.tc__LoginSc" time="166.860" errors="0" timestamp="2023-08-24T17:44:11 IST" skipped="0">
  <testcase classname="com.providio.testcases.tc__LoginSc" name="verifyLoginFailureWithInvalidEmailFormat" time="21.405"/>
  <system-out/>
  <testcase classname="com.providio.testcases.tc__LoginSc" name="openBrowserandClickSignInButton" time="10.864"/>
  <system-out/>
  <testcase classname="com.providio.testcases.tc__LoginSc" name="verifyLoginFailureWithEmptyEmail" time="26.361"/>
  <system-out/>
  <testcase classname="com.providio.testcases.tc__LoginSc" name="verifyLoginFailureWithEmptyPassword" time="21.313"/>
  <system-out/>
  <testcase classname="com.providio.testcases.tc__LoginSc" name="verifyLoginFailureWithIncorrectCredentials" time="21.380"/>
  <system-out/>
  <testcase classname="com.providio.testcases.tc__LoginSc" name="verifySuccessfulLogin" time="21.360"/>
  <system-out/>
  <testcase classname="com.providio.testcases.tc__LoginSc" name="verifyLoginFailureWithIncorrectPassword" time="19.846"/>
  <system-out/>
  <testcase classname="com.providio.testcases.tc__LoginSc" name="verifyLoginFailureWithEmptyEmailAndPassword" time="24.331"/>
  <system-out/>
</testsuite> <!-- com.providio.testcases.tc__LoginSc -->
