<?xml version="1.0" encoding="UTF-8"?>
<!-- Generated by org.testng.reporters.JUnitReportReporter -->
<testsuite hostname="DESKTOP-CPG5TUI" failures="0" tests="8" name="com.providio.testcases.tc__LoginSc" time="167.850" errors="0" timestamp="2023-08-21T17:48:40 IST" skipped="0">
  <testcase classname="com.providio.testcases.tc__LoginSc" name="verifyLoginFailureWithIncorrectPassword" time="20.339"/>
  <system-out/>
  <testcase classname="com.providio.testcases.tc__LoginSc" name="verifyLoginFailureWithEmptyEmail" time="26.438"/>
  <system-out/>
  <testcase classname="com.providio.testcases.tc__LoginSc" name="verifyLoginFailureWithIncorrectCredentials" time="21.613"/>
  <system-out/>
  <testcase classname="com.providio.testcases.tc__LoginSc" name="verifyLoginFailureWithEmptyEmailAndPassword" time="24.450"/>
  <system-out/>
  <testcase classname="com.providio.testcases.tc__LoginSc" name="verifyLoginFailureWithEmptyPassword" time="21.386"/>
  <system-out/>
  <testcase classname="com.providio.testcases.tc__LoginSc" name="verifyLoginFailureWithInvalidEmailFormat" time="21.417"/>
  <system-out/>
  <testcase classname="com.providio.testcases.tc__LoginSc" name="openBrowserandClickSignInButton" time="10.797"/>
  <system-out/>
  <testcase classname="com.providio.testcases.tc__LoginSc" name="verifySuccessfulLogin" time="21.410"/>
  <system-out/>
</testsuite> <!-- com.providio.testcases.tc__LoginSc -->
