<?xml version="1.0" encoding="UTF-8"?>
<!-- Generated by org.testng.reporters.JUnitReportReporter -->
<testsuite hostname="DESKTOP-CPG5TUI" failures="0" tests="1" name="com.RegUserWith_CreditCard.tc__ShippingAndBillingAddressDiffer__Reg_InCC" time="96.785" errors="0" timestamp="2023-09-12T16:34:17 IST" skipped="0">
  <testcase classname="com.RegUserWith_CreditCard.tc__ShippingAndBillingAddressDiffer__Reg_InCC" name="shippingAndBillingAddressDiffer_Guest" time="96.785"/>
  <system-out/>
</testsuite> <!-- com.RegUserWith_CreditCard.tc__ShippingAndBillingAddressDiffer__Reg_InCC -->
