<?xml version="1.0" encoding="UTF-8"?>
<!-- Generated by org.testng.reporters.JUnitReportReporter -->
<testsuite hostname="DESKTOP-CPG5TUI" failures="0" tests="1" name="com.providio.testcases.tc__BundleProductForGuestUser" time="151.183" errors="0" timestamp="2023-09-04T14:14:32 IST" skipped="0">
  <testcase classname="com.providio.testcases.tc__BundleProductForGuestUser" name="bundleProduct" time="151.183"/>
  <system-out/>
</testsuite> <!-- com.providio.testcases.tc__BundleProductForGuestUser -->
