<?xml version="1.0" encoding="UTF-8"?>
<!-- Generated by org.testng.reporters.JUnitReportReporter -->
<testsuite hostname="DESKTOP-CPG5TUI" failures="0" tests="1" name="com.GuestUserWith_Checkout_Paypal.tc__VariationProductForGuestUser_InCheckoutPaypal" time="102.066" errors="0" timestamp="2023-09-11T17:08:38 IST" skipped="0">
  <testcase classname="com.GuestUserWith_Checkout_Paypal.tc__VariationProductForGuestUser_InCheckoutPaypal" name="variationProduct" time="102.066"/>
  <system-out/>
</testsuite> <!-- com.GuestUserWith_Checkout_Paypal.tc__VariationProductForGuestUser_InCheckoutPaypal -->
