<?xml version="1.0" encoding="UTF-8"?>
<!-- Generated by org.testng.reporters.JUnitReportReporter -->
<testsuite hostname="DESKTOP-CPG5TUI" failures="0" tests="1" name="com.providio.testcases.tc__NavigationAllMenus" time="473.033" errors="0" timestamp="2023-08-14T10:20:06 IST" skipped="0">
  <testcase classname="com.providio.testcases.tc__NavigationAllMenus" name="Navigation" time="473.033"/>
  <system-out/>
</testsuite> <!-- com.providio.testcases.tc__NavigationAllMenus -->
