<?xml version="1.0" encoding="UTF-8"?>
<!-- Generated by org.testng.reporters.JUnitReportReporter -->
<testsuite hostname="DESKTOP-CPG5TUI" failures="0" tests="1" name="com.GuestUserWith_Minicart_Paypal.tc__SimpleProductForGuestUser_InMC_Paypal" time="71.814" errors="0" timestamp="2023-09-11T17:08:38 IST" skipped="0">
  <testcase classname="com.GuestUserWith_Minicart_Paypal.tc__SimpleProductForGuestUser_InMC_Paypal" name="simpleProduct" time="71.814"/>
  <system-out/>
</testsuite> <!-- com.GuestUserWith_Minicart_Paypal.tc__SimpleProductForGuestUser_InMC_Paypal -->
