<?xml version="1.0" encoding="UTF-8"?>
<!-- Generated by org.testng.reporters.JUnitReportReporter -->
<testsuite hostname="DESKTOP-CPG5TUI" failures="0" tests="1" name="com.providio.payments.tc__OrderByGc_GuestUser" time="134.211" errors="0" timestamp="2023-09-01T20:15:03 IST" skipped="0">
  <testcase classname="com.providio.payments.tc__OrderByGc_GuestUser" name="paymentByGiftCardInGuestUser" time="134.211"/>
  <system-out/>
</testsuite> <!-- com.providio.payments.tc__OrderByGc_GuestUser -->
