<?xml version="1.0" encoding="UTF-8"?>
<!-- Generated by org.testng.reporters.JUnitReportReporter -->
<testsuite hostname="DESKTOP-CPG5TUI" failures="0" tests="1" name="com.providio.payments.tc__PaypalFromPDPpage_RegUser" time="65.469" errors="0" timestamp="2023-08-22T18:14:59 IST" skipped="0">
  <testcase classname="com.providio.payments.tc__PaypalFromPDPpage_RegUser" name="paypalFromPDPpage" time="65.469"/>
  <system-out/>
</testsuite> <!-- com.providio.payments.tc__PaypalFromPDPpage_RegUser -->
