<?xml version="1.0" encoding="UTF-8"?>
<!-- Generated by org.testng.reporters.JUnitReportReporter -->
<testsuite hostname="DESKTOP-CPG5TUI" failures="0" tests="1" name="com.providio.testcases.tc__SimpleProductForGuestUser" time="115.596" errors="0" timestamp="2023-09-04T14:14:32 IST" skipped="0">
  <testcase classname="com.providio.testcases.tc__SimpleProductForGuestUser" name="simpleProduct" time="115.596"/>
  <system-out/>
</testsuite> <!-- com.providio.testcases.tc__SimpleProductForGuestUser -->
