<?xml version="1.0" encoding="UTF-8"?>
<!-- Generated by org.testng.reporters.JUnitReportReporter -->
<testsuite hostname="DESKTOP-CPG5TUI" failures="0" tests="1" name="com.providio.payments.tc__PaypalFromViewCartPage_GuestUser" time="92.687" errors="0" timestamp="2023-08-24T17:44:11 IST" skipped="0">
  <testcase classname="com.providio.payments.tc__PaypalFromViewCartPage_GuestUser" name="paypalFromViewCartPage" time="92.687"/>
  <system-out/>
</testsuite> <!-- com.providio.payments.tc__PaypalFromViewCartPage_GuestUser -->
