<?xml version="1.0" encoding="UTF-8"?>
<!-- Generated by org.testng.reporters.JUnitReportReporter -->
<testsuite hostname="DESKTOP-CPG5TUI" failures="0" tests="1" name="com.providio.payments.tc__OrderByGc_RegUser" time="325.571" errors="0" timestamp="2023-09-06T09:57:14 IST" skipped="0">
  <testcase classname="com.providio.payments.tc__OrderByGc_RegUser" name="orderByGc_RegUser" time="325.571"/>
  <system-out/>
</testsuite> <!-- com.providio.payments.tc__OrderByGc_RegUser -->
