<?xml version="1.0" encoding="UTF-8"?>
<!-- Generated by org.testng.reporters.JUnitReportReporter -->
<testsuite hostname="DESKTOP-CPG5TUI" failures="0" tests="1" name="com.providio.payments.tc__PaypalFromCheckoutPage_RegUser" time="170.540" errors="0" timestamp="2023-08-22T18:14:59 IST" skipped="0">
  <testcase classname="com.providio.payments.tc__PaypalFromCheckoutPage_RegUser" name="paypalFromCheckoutPage" time="170.540"/>
  <system-out/>
</testsuite> <!-- com.providio.payments.tc__PaypalFromCheckoutPage_RegUser -->
