<?xml version="1.0" encoding="UTF-8"?>
<!-- Generated by org.testng.reporters.JUnitReportReporter -->
<testsuite hostname="DESKTOP-CPG5TUI" failures="0" tests="1" name="com.RegUserWith_MiniCart_Paypal.tc__SimpleProductAndGc_Reg_InMC_Paypal" time="67.384" errors="0" timestamp="2023-09-12T16:34:16 IST" skipped="0">
  <testcase classname="com.RegUserWith_MiniCart_Paypal.tc__SimpleProductAndGc_Reg_InMC_Paypal" name="simpleProduct_Gc" time="67.384"/>
  <system-out/>
</testsuite> <!-- com.RegUserWith_MiniCart_Paypal.tc__SimpleProductAndGc_Reg_InMC_Paypal -->
