<?xml version="1.0" encoding="UTF-8"?>
<!-- Generated by org.testng.reporters.JUnitReportReporter -->
<testsuite hostname="DESKTOP-CPG5TUI" failures="0" tests="1" name="com.providio.payments.tc__PaypalFromCheckoutPage_RegUser" time="12.157" errors="0" timestamp="2023-09-01T13:00:46 IST" skipped="0">
  <testcase classname="com.providio.payments.tc__PaypalFromCheckoutPage_RegUser" name="paypalFromCheckoutPage" time="12.157"/>
  <system-out/>
</testsuite> <!-- com.providio.payments.tc__PaypalFromCheckoutPage_RegUser -->
