<?xml version="1.0" encoding="UTF-8"?>
<!-- Generated by org.testng.reporters.JUnitReportReporter -->
<testsuite hostname="DESKTOP-CPG5TUI" failures="0" tests="8" name="com.providio.testcases.tc__LoginSc" time="0.000" errors="0" timestamp="2023-09-04T17:00:54 IST" skipped="8">
  <testcase classname="com.providio.testcases.tc__LoginSc" name="verifyLoginFailureWithIncorrectPassword" time="0.000">
    <skipped/>
  </testcase> <!-- verifyLoginFailureWithIncorrectPassword -->
  <system-out/>
  <testcase classname="com.providio.testcases.tc__LoginSc" name="verifyLoginFailureWithEmptyEmailAndPassword" time="0.000">
    <skipped/>
  </testcase> <!-- verifyLoginFailureWithEmptyEmailAndPassword -->
  <system-out/>
  <testcase classname="com.providio.testcases.tc__LoginSc" name="verifyLoginFailureWithEmptyEmail" time="0.000">
    <skipped/>
  </testcase> <!-- verifyLoginFailureWithEmptyEmail -->
  <system-out/>
  <testcase classname="com.providio.testcases.tc__LoginSc" name="verifyLoginFailureWithEmptyPassword" time="0.000">
    <skipped/>
  </testcase> <!-- verifyLoginFailureWithEmptyPassword -->
  <system-out/>
  <testcase classname="com.providio.testcases.tc__LoginSc" name="verifyLoginFailureWithIncorrectCredentials" time="0.000">
    <skipped/>
  </testcase> <!-- verifyLoginFailureWithIncorrectCredentials -->
  <system-out/>
  <testcase classname="com.providio.testcases.tc__LoginSc" name="openBrowserandClickSignInButton" time="0.000">
    <skipped/>
  </testcase> <!-- openBrowserandClickSignInButton -->
  <system-out/>
  <testcase classname="com.providio.testcases.tc__LoginSc" name="verifySuccessfulLogin" time="0.000">
    <skipped/>
  </testcase> <!-- verifySuccessfulLogin -->
  <system-out/>
  <testcase classname="com.providio.testcases.tc__LoginSc" name="verifyLoginFailureWithInvalidEmailFormat" time="0.000">
    <skipped/>
  </testcase> <!-- verifyLoginFailureWithInvalidEmailFormat -->
  <system-out/>
</testsuite> <!-- com.providio.testcases.tc__LoginSc -->
