<?xml version="1.0" encoding="UTF-8"?>
<!-- Generated by org.testng.reporters.JUnitReportReporter -->
<testsuite hostname="DESKTOP-CPG5TUI" failures="0" tests="1" name="com.RegUserWith_ViewCart_Paypal.tc__PdpPage_Reg_InVC_Paypal" time="88.130" errors="0" timestamp="2023-09-12T16:34:16 IST" skipped="0">
  <testcase classname="com.RegUserWith_ViewCart_Paypal.tc__PdpPage_Reg_InVC_Paypal" name="PDPpage" time="88.130"/>
  <system-out/>
</testsuite> <!-- com.RegUserWith_ViewCart_Paypal.tc__PdpPage_Reg_InVC_Paypal -->
