<?xml version="1.0" encoding="UTF-8"?>
<!-- Generated by org.testng.reporters.JUnitReportReporter -->
<testsuite hostname="DESKTOP-CPG5TUI" failures="0" tests="1" name="com.RegUserWith_GiftCard.tc__BySearchingProduct_Reg_InGc" time="27.139" errors="0" timestamp="2023-09-12T16:34:17 IST" skipped="0">
  <testcase classname="com.RegUserWith_GiftCard.tc__BySearchingProduct_Reg_InGc" name="bySearchingProduct" time="27.139"/>
  <system-out/>
</testsuite> <!-- com.RegUserWith_GiftCard.tc__BySearchingProduct_Reg_InGc -->
