<?xml version="1.0" encoding="UTF-8"?>
<!-- Generated by org.testng.reporters.JUnitReportReporter -->
<testsuite hostname="DESKTOP-CPG5TUI" failures="0" tests="1" name="com.RegUserWith_CreditCard.tc__OnlyGiftCards_Reg_InCC" time="93.393" errors="0" timestamp="2023-09-12T16:34:16 IST" skipped="0">
  <testcase classname="com.RegUserWith_CreditCard.tc__OnlyGiftCards_Reg_InCC" name="OnlyGiftCards" time="93.393"/>
  <system-out/>
</testsuite> <!-- com.RegUserWith_CreditCard.tc__OnlyGiftCards_Reg_InCC -->
