<?xml version="1.0" encoding="UTF-8"?>
<!-- Generated by org.testng.reporters.JUnitReportReporter -->
<testsuite hostname="DESKTOP-CPG5TUI" failures="0" tests="1" name="com.providio.payments.tc__PaypalFromPDPpage_GuestUser" time="70.111" errors="0" timestamp="2023-08-23T17:24:01 IST" skipped="0">
  <testcase classname="com.providio.payments.tc__PaypalFromPDPpage_GuestUser" name="paypalFromPDPpage" time="70.111"/>
  <system-out/>
</testsuite> <!-- com.providio.payments.tc__PaypalFromPDPpage_GuestUser -->
