<?xml version="1.0" encoding="UTF-8"?>
<!-- Generated by org.testng.reporters.JUnitReportReporter -->
<testsuite hostname="DESKTOP-CPG5TUI" failures="0" tests="1" name="com.providio.payments.tc__PaypalFromViewCartPage_RegUser" time="93.816" errors="0" timestamp="2023-08-24T17:44:11 IST" skipped="0">
  <testcase classname="com.providio.payments.tc__PaypalFromViewCartPage_RegUser" name="paypalFromViewCartPage" time="93.816"/>
  <system-out/>
</testsuite> <!-- com.providio.payments.tc__PaypalFromViewCartPage_RegUser -->
