<?xml version="1.0" encoding="UTF-8"?>
<!-- Generated by org.testng.reporters.JUnitReportReporter -->
<testsuite hostname="DESKTOP-CPG5TUI" failures="0" tests="1" name="com.providio.testcases.tc__Login" time="31.489" errors="0" timestamp="2023-09-01T19:23:35 IST" skipped="0">
  <testcase classname="com.providio.testcases.tc__Login" name="loginTest" time="31.489"/>
  <system-out/>
</testsuite> <!-- com.providio.testcases.tc__Login -->
