<?xml version="1.0" encoding="UTF-8"?>
<!-- Generated by org.testng.reporters.JUnitReportReporter -->
<testsuite hostname="DESKTOP-CPG5TUI" failures="0" tests="1" name="com.providio.payments.tc__PaymentProccessByGCandPaypalGuestUser" time="309.833" errors="0" timestamp="2023-09-01T20:12:50 IST" skipped="0">
  <testcase classname="com.providio.payments.tc__PaymentProccessByGCandPaypalGuestUser" name="paypalFromCheckoutPage" time="309.833"/>
  <system-out/>
</testsuite> <!-- com.providio.payments.tc__PaymentProccessByGCandPaypalGuestUser -->
