<?xml version="1.0" encoding="UTF-8"?>
<!-- Generated by org.testng.reporters.JUnitReportReporter -->
<testsuite hostname="DESKTOP-CPG5TUI" failures="0" tests="1" name="com.providio.payments.tc__OrderByGc_RegUser" time="169.282" errors="0" timestamp="2023-08-21T17:48:40 IST" skipped="0">
  <testcase classname="com.providio.payments.tc__OrderByGc_RegUser" name="orderByGc_RegUser" time="169.282"/>
  <system-out/>
</testsuite> <!-- com.providio.payments.tc__OrderByGc_RegUser -->
