<?xml version="1.0" encoding="UTF-8"?>
<!-- Generated by org.testng.reporters.JUnitReportReporter -->
<testsuite hostname="DESKTOP-CPG5TUI" failures="0" tests="1" name="com.providio.testcases.tc__BySearchingProduct" time="202.399" errors="0" timestamp="2023-09-01T19:53:03 IST" skipped="0">
  <testcase classname="com.providio.testcases.tc__BySearchingProduct" name="bySearchingProduct" time="202.399"/>
  <system-out/>
</testsuite> <!-- com.providio.testcases.tc__BySearchingProduct -->
