<?xml version="1.0" encoding="UTF-8"?>
<!-- Generated by org.testng.reporters.JUnitReportReporter -->
<testsuite hostname="DESKTOP-CPG5TUI" failures="0" tests="1" name="com.providio.payments.tc__OrderByGc_GuestUser" time="417.217" errors="0" timestamp="2023-08-24T13:42:46 IST" skipped="0">
  <testcase classname="com.providio.payments.tc__OrderByGc_GuestUser" name="paymentByGiftCardInGuestUser" time="417.217"/>
  <system-out/>
</testsuite> <!-- com.providio.payments.tc__OrderByGc_GuestUser -->
